INFO  started: Metals version 0.8.3 in workspace '/Users/robyn/Documents/functional_scala'
INFO  time: initialize in 0.64s
WARN  no build tool detected in workspace '/Users/robyn/Documents/functional_scala'. The most common cause for this problem is that the editor was opened in the wrong working directory, for example if you use sbt then the workspace directory should contain build.sbt. 
WARN  no build target for: /Users/robyn/Documents/functional_scala/mnem.scala
WARN  no build target for: /Users/robyn/Documents/functional_scala/mnem.scala
INFO  no build target: using presentation compiler with only scala-library
Apr 09, 2020 2:34:21 PM org.eclipse.lsp4j.jsonrpc.RemoteEndpoint handleCancellation
WARNING: Unmatched cancel notification for request id 6
Apr 09, 2020 2:34:21 PM org.eclipse.lsp4j.jsonrpc.RemoteEndpoint handleCancellation
WARNING: Unmatched cancel notification for request id 7
Apr 09, 2020 2:34:21 PM org.eclipse.lsp4j.jsonrpc.RemoteEndpoint handleCancellation
WARNING: Unmatched cancel notification for request id 9
Apr 09, 2020 2:34:21 PM org.eclipse.lsp4j.jsonrpc.RemoteEndpoint fallbackResponseError
SEVERE: Internal error: java.lang.StringIndexOutOfBoundsException: String index out of range: -1
java.util.concurrent.CompletionException: java.lang.StringIndexOutOfBoundsException: String index out of range: -1
	at java.util.concurrent.CompletableFuture.encodeThrowable(CompletableFuture.java:292)
	at java.util.concurrent.CompletableFuture.completeThrowable(CompletableFuture.java:308)
	at java.util.concurrent.CompletableFuture.uniAccept(CompletableFuture.java:661)
	at java.util.concurrent.CompletableFuture$UniAccept.tryFire(CompletableFuture.java:646)
	at java.util.concurrent.CompletableFuture.postComplete(CompletableFuture.java:488)
	at java.util.concurrent.CompletableFuture.completeExceptionally(CompletableFuture.java:1990)
	at scala.meta.internal.metals.CancelTokens$.$anonfun$future$1(CancelTokens.scala:38)
	at scala.meta.internal.metals.CancelTokens$.$anonfun$future$1$adapted(CancelTokens.scala:36)
	at scala.concurrent.impl.CallbackRunnable.run(Promise.scala:64)
	at java.util.concurrent.ThreadPoolExecutor.runWorker(ThreadPoolExecutor.java:1149)
	at java.util.concurrent.ThreadPoolExecutor$Worker.run(ThreadPoolExecutor.java:624)
	at java.lang.Thread.run(Thread.java:748)
Caused by: java.lang.StringIndexOutOfBoundsException: String index out of range: -1
	at java.lang.String.charAt(String.java:658)
	at scala.collection.immutable.StringOps$.apply$extension(StringOps.scala:41)
	at scala.meta.internal.metals.MetalsEnrichments$XtensionString.lastIndexBetween(MetalsEnrichments.scala:408)
	at scala.meta.internal.metals.MultilineStringFormattingProvider.pipeInScope(MultilineStringFormattingProvider.scala:93)
	at scala.meta.internal.metals.MultilineStringFormattingProvider.$anonfun$withToken$1(MultilineStringFormattingProvider.scala:139)
	at scala.concurrent.Future$.$anonfun$apply$1(Future.scala:659)
	at scala.util.Success.$anonfun$map$1(Try.scala:255)
	at scala.util.Success.map(Try.scala:213)
	at scala.concurrent.Future.$anonfun$map$1(Future.scala:292)
	at scala.concurrent.impl.Promise.liftedTree1$1(Promise.scala:33)
	at scala.concurrent.impl.Promise.$anonfun$transform$1(Promise.scala:33)
	... 4 more

Apr 09, 2020 2:34:21 PM org.eclipse.lsp4j.jsonrpc.RemoteEndpoint handleCancellation
WARNING: Unmatched cancel notification for request id 8
Apr 09, 2020 2:34:21 PM org.eclipse.lsp4j.jsonrpc.RemoteEndpoint handleCancellation
WARNING: Unmatched cancel notification for request id 10
WARN  no build target for: /Users/robyn/Documents/functional_scala/mnem.scala
something's wrong: no file:///Users/robyn/Documents/functional_scala/mnem.scala in Map[Char,<error>]RangePosition(file:///Users/robyn/Documents/functional_scala/mnem.scala, 220, 220, 239)
something's wrong: no file:///Users/robyn/Documents/functional_scala/mnem.scala in Map[Char,<error>]RangePosition(file:///Users/robyn/Documents/functional_scala/mnem.scala, 220, 220, 232)
something's wrong: no file:///Users/robyn/Documents/functional_scala/mnem.scala in Map[Char,Char]RangePosition(file:///Users/robyn/Documents/functional_scala/mnem.scala, 220, 220, 235)
something's wrong: no file:///Users/robyn/Documents/functional_scala/mnem.scala in Map[Char,Char]RangePosition(file:///Users/robyn/Documents/functional_scala/mnem.scala, 220, 220, 235)
something's wrong: no file:///Users/robyn/Documents/functional_scala/mnem.scala in Map[Char,Char]RangePosition(file:///Users/robyn/Documents/functional_scala/mnem.scala, 220, 220, 235)
Apr 09, 2020 2:37:20 PM org.eclipse.lsp4j.jsonrpc.RemoteEndpoint handleCancellation
WARNING: Unmatched cancel notification for request id 701
WARN  no build target for: /Users/robyn/Documents/functional_scala/mnem.scala
WARN  no build target for: /Users/robyn/Documents/functional_scala/mnem.scala
WARN  no build target for: /Users/robyn/Documents/functional_scala/mnem.scala
something's wrong: no file:///Users/robyn/Documents/functional_scala/mnem.scala in Map[String,<error>]RangePosition(file:///Users/robyn/Documents/functional_scala/mnem.scala, 509, 509, 530)
something's wrong: no file:///Users/robyn/Documents/functional_scala/mnem.scala in Map[String,<error>]RangePosition(file:///Users/robyn/Documents/functional_scala/mnem.scala, 509, 509, 523)
something's wrong: no file:///Users/robyn/Documents/functional_scala/mnem.scala in Map[String,<error>]RangePosition(file:///Users/robyn/Documents/functional_scala/mnem.scala, 509, 509, 524)
something's wrong: no file:///Users/robyn/Documents/functional_scala/mnem.scala in Seq[<error>]RangePosition(file:///Users/robyn/Documents/functional_scala/mnem.scala, 521, 521, 534)
something's wrong: no file:///Users/robyn/Documents/functional_scala/mnem.scala in Seq[<error>]RangePosition(file:///Users/robyn/Documents/functional_scala/mnem.scala, 521, 521, 527)
something's wrong: no file:///Users/robyn/Documents/functional_scala/mnem.scala in Seq[<error>]RangePosition(file:///Users/robyn/Documents/functional_scala/mnem.scala, 521, 521, 530)
something's wrong: no file:///Users/robyn/Documents/functional_scala/mnem.scala in Seq[String]RangePosition(file:///Users/robyn/Documents/functional_scala/mnem.scala, 521, 521, 532)
something's wrong: no file:///Users/robyn/Documents/functional_scala/mnem.scala in Map[String,Seq[String]]RangePosition(file:///Users/robyn/Documents/functional_scala/mnem.scala, 509, 509, 533)
something's wrong: no file:///Users/robyn/Documents/functional_scala/mnem.scala in Map[String,Seq[String]]RangePosition(file:///Users/robyn/Documents/functional_scala/mnem.scala, 509, 509, 533)
WARN  no build target for: /Users/robyn/Documents/functional_scala/mnem.scala
WARN  no build target for: /Users/robyn/Documents/functional_scala/mnem.scala
WARN  no build target for: /Users/robyn/Documents/functional_scala/mnem.scala
WARN  no build target for: /Users/robyn/Documents/functional_scala/mnem.scala
WARN  no build target for: /Users/robyn/Documents/functional_scala/mnem.scala
WARN  no build target for: /Users/robyn/Documents/functional_scala/mnem.scala
WARN  no build target for: /Users/robyn/Documents/functional_scala/mnem.scala
INFO  shutting down Metals
